2025-08-16 16:29:03,719 - INFO - Loading embedding model: sentence-transformers/all-MiniLM-L6-v2
2025-08-16 16:29:03,723 - INFO - Use pytorch device_name: cpu
2025-08-16 16:29:03,724 - INFO - Load pretrained SentenceTransformer: sentence-transformers/all-MiniLM-L6-v2
2025-08-16 16:29:11,316 - INFO - Found 40 PDF files in med-books
2025-08-16 16:29:11,316 - INFO - Processing 10031.pdf...
2025-08-16 16:29:13,341 - INFO - Extracted text from med-books\10031.pdf: 1224529 characters
2025-08-16 16:29:13,494 - INFO - Created 1864 chunks from 10031.pdf
2025-08-16 16:29:13,495 - INFO - Successfully processed 10031.pdf: 1864 chunks
2025-08-16 16:29:13,496 - INFO - Processing 1677436256452967.pdf...
2025-08-16 16:29:17,381 - INFO - Extracted text from med-books\1677436256452967.pdf: 400967 characters
2025-08-16 16:29:17,440 - INFO - Created 603 chunks from 1677436256452967.pdf
2025-08-16 16:29:17,441 - INFO - Successfully processed 1677436256452967.pdf: 603 chunks
2025-08-16 16:29:17,442 - INFO - Processing 3-Lecture-Common-Skin-Disease-2019.pdf...
2025-08-16 16:29:17,816 - INFO - Extracted text from med-books\3-Lecture-Common-Skin-Disease-2019.pdf: 36510 characters
2025-08-16 16:29:17,821 - INFO - Created 51 chunks from 3-Lecture-Common-Skin-Disease-2019.pdf
2025-08-16 16:29:17,822 - INFO - Successfully processed 3-Lecture-Common-Skin-Disease-2019.pdf: 51 chunks
2025-08-16 16:29:17,823 - INFO - Processing 47537.pdf...
2025-08-16 16:29:17,949 - INFO - Extracted text from med-books\47537.pdf: 22867 characters
2025-08-16 16:29:17,953 - INFO - Created 36 chunks from 47537.pdf
2025-08-16 16:29:17,953 - INFO - Successfully processed 47537.pdf: 36 chunks
2025-08-16 16:29:17,953 - INFO - Processing 47591.pdf...
2025-08-16 16:29:18,081 - INFO - Extracted text from med-books\47591.pdf: 25655 characters
2025-08-16 16:29:18,085 - INFO - Created 40 chunks from 47591.pdf
2025-08-16 16:29:18,085 - INFO - Successfully processed 47591.pdf: 40 chunks
2025-08-16 16:29:18,086 - INFO - Processing 47601.pdf...
2025-08-16 16:29:19,089 - INFO - Extracted text from med-books\47601.pdf: 77645 characters
2025-08-16 16:29:19,099 - INFO - Created 119 chunks from 47601.pdf
2025-08-16 16:29:19,099 - INFO - Successfully processed 47601.pdf: 119 chunks
2025-08-16 16:29:19,099 - INFO - Processing 47608.pdf...
2025-08-16 16:29:19,464 - INFO - Extracted text from med-books\47608.pdf: 104885 characters
2025-08-16 16:29:19,477 - INFO - Created 166 chunks from 47608.pdf
2025-08-16 16:29:19,477 - INFO - Successfully processed 47608.pdf: 166 chunks
2025-08-16 16:29:19,478 - INFO - Processing 47725.pdf...
2025-08-16 16:29:19,724 - INFO - Extracted text from med-books\47725.pdf: 66838 characters
2025-08-16 16:29:19,732 - INFO - Created 111 chunks from 47725.pdf
2025-08-16 16:29:19,734 - INFO - Successfully processed 47725.pdf: 111 chunks
2025-08-16 16:29:19,734 - INFO - Processing 47746.pdf...
2025-08-16 16:29:19,907 - INFO - Extracted text from med-books\47746.pdf: 29704 characters
2025-08-16 16:29:19,912 - INFO - Created 46 chunks from 47746.pdf
2025-08-16 16:29:19,912 - INFO - Successfully processed 47746.pdf: 46 chunks
2025-08-16 16:29:19,913 - INFO - Processing 47764.pdf...
2025-08-16 16:29:20,131 - INFO - Extracted text from med-books\47764.pdf: 54719 characters
2025-08-16 16:29:20,138 - INFO - Created 84 chunks from 47764.pdf
2025-08-16 16:29:20,138 - INFO - Successfully processed 47764.pdf: 84 chunks
2025-08-16 16:29:20,139 - INFO - Processing 47839.pdf...
2025-08-16 16:29:20,562 - INFO - Extracted text from med-books\47839.pdf: 71311 characters
2025-08-16 16:29:20,572 - INFO - Created 100 chunks from 47839.pdf
2025-08-16 16:29:20,572 - INFO - Successfully processed 47839.pdf: 100 chunks
2025-08-16 16:29:20,572 - INFO - Processing 47906.pdf...
2025-08-16 16:29:21,196 - INFO - Extracted text from med-books\47906.pdf: 59433 characters
2025-08-16 16:29:21,204 - INFO - Created 81 chunks from 47906.pdf
2025-08-16 16:29:21,204 - INFO - Successfully processed 47906.pdf: 81 chunks
2025-08-16 16:29:21,205 - INFO - Processing 48184.pdf...
2025-08-16 16:29:21,577 - INFO - Extracted text from med-books\48184.pdf: 70496 characters
2025-08-16 16:29:21,587 - INFO - Created 110 chunks from 48184.pdf
2025-08-16 16:29:21,587 - INFO - Successfully processed 48184.pdf: 110 chunks
2025-08-16 16:29:21,588 - INFO - Processing 834_Food-nutrution-XI.pdf...
2025-08-16 16:29:23,818 - INFO - Extracted text from med-books\834_Food-nutrution-XI.pdf: 253363 characters
2025-08-16 16:29:23,848 - INFO - Created 357 chunks from 834_Food-nutrution-XI.pdf
2025-08-16 16:29:23,850 - INFO - Successfully processed 834_Food-nutrution-XI.pdf: 357 chunks
2025-08-16 16:29:23,850 - INFO - Processing A-Laboratory-Guide-to-Clinical-Hematology-1562966401._oss (1).pdf...
2025-08-16 16:31:06,450 - INFO - Extracted text from med-books\A-Laboratory-Guide-to-Clinical-Hematology-1562966401._oss (1).pdf: 286711 characters
2025-08-16 16:31:06,485 - INFO - Created 468 chunks from A-Laboratory-Guide-to-Clinical-Hematology-1562966401._oss (1).pdf
2025-08-16 16:31:06,487 - INFO - Successfully processed A-Laboratory-Guide-to-Clinical-Hematology-1562966401._oss (1).pdf: 468 chunks
2025-08-16 16:31:06,488 - INFO - Processing ANAT2341_Embryology_2009_Lectures.pdf...
2025-08-16 16:31:06,672 - ERROR - Error extracting text from med-books\ANAT2341_Embryology_2009_Lectures.pdf: PyCryptodome is required for AES algorithm
2025-08-16 16:31:06,672 - WARNING - No text extracted from ANAT2341_Embryology_2009_Lectures.pdf
2025-08-16 16:31:06,673 - INFO - Processing Anatomy-and-Physiology-Notes-Online-Notes.pdf...
2025-08-16 16:31:10,882 - INFO - Extracted text from med-books\Anatomy-and-Physiology-Notes-Online-Notes.pdf: 159820 characters
2025-08-16 16:31:10,895 - INFO - Created 483 chunks from Anatomy-and-Physiology-Notes-Online-Notes.pdf
2025-08-16 16:31:10,896 - INFO - Successfully processed Anatomy-and-Physiology-Notes-Online-Notes.pdf: 483 chunks
2025-08-16 16:31:10,896 - INFO - Processing a_20guide_20to_20orthodontics.pdf...
2025-08-16 16:31:11,841 - INFO - Extracted text from med-books\a_20guide_20to_20orthodontics.pdf: 130476 characters
2025-08-16 16:31:11,857 - INFO - Created 194 chunks from a_20guide_20to_20orthodontics.pdf
2025-08-16 16:31:11,858 - INFO - Successfully processed a_20guide_20to_20orthodontics.pdf: 194 chunks
2025-08-16 16:31:11,858 - INFO - Processing book-2.pdf...
2025-08-16 16:31:15,057 - INFO - Extracted text from med-books\book-2.pdf: 524349 characters
2025-08-16 16:31:15,125 - INFO - Created 831 chunks from book-2.pdf
2025-08-16 16:31:15,125 - INFO - Successfully processed book-2.pdf: 831 chunks
2025-08-16 16:31:15,126 - INFO - Processing book.pdf...
2025-08-16 16:31:21,517 - INFO - Extracted text from med-books\book.pdf: 534059 characters
2025-08-16 16:31:21,566 - INFO - Created 927 chunks from book.pdf
2025-08-16 16:31:21,567 - INFO - Successfully processed book.pdf: 927 chunks
2025-08-16 16:31:21,567 - INFO - Processing BSCZO-302.pdf...
2025-08-16 16:31:24,253 - INFO - Extracted text from med-books\BSCZO-302.pdf: 485372 characters
2025-08-16 16:31:24,307 - INFO - Created 710 chunks from BSCZO-302.pdf
2025-08-16 16:31:24,307 - INFO - Successfully processed BSCZO-302.pdf: 710 chunks
2025-08-16 16:31:24,308 - INFO - Processing CPG_Management_of_Thyroid_Disorders.pdf...
2025-08-16 16:31:26,843 - INFO - Extracted text from med-books\CPG_Management_of_Thyroid_Disorders.pdf: 426846 characters
2025-08-16 16:31:26,892 - INFO - Created 613 chunks from CPG_Management_of_Thyroid_Disorders.pdf
2025-08-16 16:31:26,893 - INFO - Successfully processed CPG_Management_of_Thyroid_Disorders.pdf: 613 chunks
2025-08-16 16:31:26,893 - INFO - Processing dsa1232 (1).pdf...
2025-08-16 16:31:29,133 - INFO - Extracted text from med-books\dsa1232 (1).pdf: 359539 characters
2025-08-16 16:31:29,178 - INFO - Created 544 chunks from dsa1232 (1).pdf
2025-08-16 16:31:29,178 - INFO - Successfully processed dsa1232 (1).pdf: 544 chunks
2025-08-16 16:31:29,179 - INFO - Processing dsa1232.pdf...
2025-08-16 16:31:31,510 - INFO - Extracted text from med-books\dsa1232.pdf: 359539 characters
2025-08-16 16:31:31,557 - INFO - Created 544 chunks from dsa1232.pdf
2025-08-16 16:31:31,558 - INFO - Successfully processed dsa1232.pdf: 544 chunks
2025-08-16 16:31:31,558 - INFO - Processing emedicine.medscape.com_article_286227-print.pdf...
2025-08-16 16:31:33,966 - INFO - Extracted text from med-books\emedicine.medscape.com_article_286227-print.pdf: 140859 characters
2025-08-16 16:31:33,983 - INFO - Created 221 chunks from emedicine.medscape.com_article_286227-print.pdf
2025-08-16 16:31:33,983 - INFO - Successfully processed emedicine.medscape.com_article_286227-print.pdf: 221 chunks
2025-08-16 16:31:33,983 - INFO - Processing Emergency Care Training Manual for Medical Officer at AB-HWC.pdf...
2025-08-16 16:31:35,608 - INFO - Extracted text from med-books\Emergency Care Training Manual for Medical Officer at AB-HWC.pdf: 270049 characters
2025-08-16 16:31:35,643 - INFO - Created 399 chunks from Emergency Care Training Manual for Medical Officer at AB-HWC.pdf
2025-08-16 16:31:35,644 - INFO - Successfully processed Emergency Care Training Manual for Medical Officer at AB-HWC.pdf: 399 chunks
2025-08-16 16:31:35,644 - INFO - Processing emergency-guidelines.pdf...
2025-08-16 16:31:37,098 - INFO - Extracted text from med-books\emergency-guidelines.pdf: 113166 characters
2025-08-16 16:31:37,112 - INFO - Created 159 chunks from emergency-guidelines.pdf
2025-08-16 16:31:37,112 - INFO - Successfully processed emergency-guidelines.pdf: 159 chunks
2025-08-16 16:31:37,112 - INFO - Processing FINAL-Anaesthesia-Notes-2015-VETS4012-1.pdf...
2025-08-16 16:31:38,174 - INFO - Extracted text from med-books\FINAL-Anaesthesia-Notes-2015-VETS4012-1.pdf: 440400 characters
2025-08-16 16:31:38,228 - INFO - Created 644 chunks from FINAL-Anaesthesia-Notes-2015-VETS4012-1.pdf
2025-08-16 16:31:38,229 - INFO - Successfully processed FINAL-Anaesthesia-Notes-2015-VETS4012-1.pdf: 644 chunks
2025-08-16 16:31:38,229 - INFO - Processing Food borne diseases.pdf...
2025-08-16 16:31:38,642 - INFO - Extracted text from med-books\Food borne diseases.pdf: 48402 characters
2025-08-16 16:31:38,650 - INFO - Created 75 chunks from Food borne diseases.pdf
2025-08-16 16:31:38,651 - INFO - Successfully processed Food borne diseases.pdf: 75 chunks
2025-08-16 16:31:38,651 - INFO - Processing FundamentalsOfEpidemiology.pdf...
2025-08-16 16:31:44,261 - INFO - Extracted text from med-books\FundamentalsOfEpidemiology.pdf: 1473609 characters
2025-08-16 16:31:44,442 - INFO - Created 2339 chunks from FundamentalsOfEpidemiology.pdf
2025-08-16 16:31:44,442 - INFO - Successfully processed FundamentalsOfEpidemiology.pdf: 2339 chunks
2025-08-16 16:31:44,443 - INFO - Processing hagan_3.pdf...
2025-08-16 16:31:45,814 - INFO - Extracted text from med-books\hagan_3.pdf: 479718 characters
2025-08-16 16:31:45,878 - INFO - Created 724 chunks from hagan_3.pdf
2025-08-16 16:31:45,879 - INFO - Successfully processed hagan_3.pdf: 724 chunks
2025-08-16 16:31:45,879 - INFO - Processing hdbk_wmn.pdf...
2025-08-16 16:31:46,511 - INFO - Extracted text from med-books\hdbk_wmn.pdf: 183052 characters
2025-08-16 16:31:46,533 - INFO - Created 260 chunks from hdbk_wmn.pdf
2025-08-16 16:31:46,534 - INFO - Successfully processed hdbk_wmn.pdf: 260 chunks
2025-08-16 16:31:46,534 - INFO - Processing I-546.pdf...
2025-08-16 16:32:05,916 - INFO - Extracted text from med-books\I-546.pdf: 2124291 characters
2025-08-16 16:32:06,188 - INFO - Created 3125 chunks from I-546.pdf
2025-08-16 16:32:06,190 - INFO - Successfully processed I-546.pdf: 3125 chunks
2025-08-16 16:32:06,190 - INFO - Processing infectious-diseases-in-the-south-east-asia-region-1.pdf...
2025-08-16 16:32:11,102 - INFO - Extracted text from med-books\infectious-diseases-in-the-south-east-asia-region-1.pdf: 783798 characters
2025-08-16 16:32:11,203 - INFO - Created 1228 chunks from infectious-diseases-in-the-south-east-asia-region-1.pdf
2025-08-16 16:32:11,204 - INFO - Successfully processed infectious-diseases-in-the-south-east-asia-region-1.pdf: 1228 chunks
2025-08-16 16:32:11,204 - INFO - Processing KrausesEssentialHuman.pdf...
2025-08-16 16:32:14,995 - INFO - Extracted text from med-books\KrausesEssentialHuman.pdf: 1301952 characters
2025-08-16 16:32:15,153 - INFO - Created 1858 chunks from KrausesEssentialHuman.pdf
2025-08-16 16:32:15,154 - INFO - Successfully processed KrausesEssentialHuman.pdf: 1858 chunks
2025-08-16 16:32:15,154 - INFO - Processing MAT-TIP_43-MMT_Guidelines2005.pdf...
2025-08-16 16:32:16,698 - INFO - Extracted text from med-books\MAT-TIP_43-MMT_Guidelines2005.pdf: 1045470 characters
2025-08-16 16:32:16,826 - INFO - Created 1612 chunks from MAT-TIP_43-MMT_Guidelines2005.pdf
2025-08-16 16:32:16,827 - INFO - Successfully processed MAT-TIP_43-MMT_Guidelines2005.pdf: 1612 chunks
2025-08-16 16:32:16,827 - INFO - Processing Pict_guide_to_Vet_Obs_and_Gynaecology (1).pdf...
2025-08-16 16:32:19,347 - INFO - Extracted text from med-books\Pict_guide_to_Vet_Obs_and_Gynaecology (1).pdf: 224378 characters
2025-08-16 16:32:19,378 - INFO - Created 316 chunks from Pict_guide_to_Vet_Obs_and_Gynaecology (1).pdf
2025-08-16 16:32:19,379 - INFO - Successfully processed Pict_guide_to_Vet_Obs_and_Gynaecology (1).pdf: 316 chunks
2025-08-16 16:32:19,379 - INFO - Processing Pict_guide_to_Vet_Obs_and_Gynaecology.pdf...
2025-08-16 16:32:21,954 - INFO - Extracted text from med-books\Pict_guide_to_Vet_Obs_and_Gynaecology.pdf: 224378 characters
2025-08-16 16:32:21,984 - INFO - Created 316 chunks from Pict_guide_to_Vet_Obs_and_Gynaecology.pdf
2025-08-16 16:32:21,985 - INFO - Successfully processed Pict_guide_to_Vet_Obs_and_Gynaecology.pdf: 316 chunks
2025-08-16 16:32:21,985 - INFO - Processing syllabus.pdf...
2025-08-16 16:32:23,048 - INFO - Extracted text from med-books\syllabus.pdf: 472394 characters
2025-08-16 16:32:23,107 - INFO - Created 697 chunks from syllabus.pdf
2025-08-16 16:32:23,108 - INFO - Successfully processed syllabus.pdf: 697 chunks
2025-08-16 16:32:23,108 - INFO - Processing TB_GlobalPlanToStopTB2011-2015.pdf...
2025-08-16 16:32:28,049 - INFO - Extracted text from med-books\TB_GlobalPlanToStopTB2011-2015.pdf: 310041 characters
2025-08-16 16:32:28,086 - INFO - Created 426 chunks from TB_GlobalPlanToStopTB2011-2015.pdf
2025-08-16 16:32:28,086 - INFO - Successfully processed TB_GlobalPlanToStopTB2011-2015.pdf: 426 chunks
2025-08-16 16:32:28,087 - INFO - Total chunks created: 23481
2025-08-16 16:32:28,102 - INFO - Creating embeddings for 23481 chunks...
2025-08-16 16:32:33,463 - INFO - Processed 100/23481 chunks...
2025-08-16 16:32:38,872 - INFO - Processed 200/23481 chunks...
2025-08-16 16:32:44,391 - INFO - Processed 300/23481 chunks...
2025-08-16 16:32:49,491 - INFO - Processed 400/23481 chunks...
2025-08-16 16:32:55,044 - INFO - Processed 500/23481 chunks...
2025-08-16 16:33:01,001 - INFO - Processed 600/23481 chunks...
2025-08-16 16:33:06,350 - INFO - Processed 700/23481 chunks...
2025-08-16 16:33:12,089 - INFO - Processed 800/23481 chunks...
2025-08-16 16:33:17,452 - INFO - Processed 900/23481 chunks...
2025-08-16 16:33:22,552 - INFO - Processed 1000/23481 chunks...
2025-08-16 16:33:27,856 - INFO - Processed 1100/23481 chunks...
2025-08-16 16:33:33,015 - INFO - Processed 1200/23481 chunks...
2025-08-16 16:33:38,579 - INFO - Processed 1300/23481 chunks...
2025-08-16 16:33:43,965 - INFO - Processed 1400/23481 chunks...
2025-08-16 16:33:49,159 - INFO - Processed 1500/23481 chunks...
2025-08-16 16:33:54,696 - INFO - Processed 1600/23481 chunks...
2025-08-16 16:34:00,389 - INFO - Processed 1700/23481 chunks...
2025-08-16 16:34:05,910 - INFO - Processed 1800/23481 chunks...
2025-08-16 16:34:11,757 - INFO - Processed 1900/23481 chunks...
2025-08-16 16:34:17,273 - INFO - Processed 2000/23481 chunks...
2025-08-16 16:34:22,999 - INFO - Processed 2100/23481 chunks...
2025-08-16 16:34:28,970 - INFO - Processed 2200/23481 chunks...
2025-08-16 16:34:34,829 - INFO - Processed 2300/23481 chunks...
2025-08-16 16:34:40,435 - INFO - Processed 2400/23481 chunks...
2025-08-16 16:34:46,399 - INFO - Processed 2500/23481 chunks...
2025-08-16 16:34:52,577 - INFO - Processed 2600/23481 chunks...
2025-08-16 16:34:58,537 - INFO - Processed 2700/23481 chunks...
2025-08-16 16:35:04,330 - INFO - Processed 2800/23481 chunks...
2025-08-16 16:35:10,526 - INFO - Processed 2900/23481 chunks...
2025-08-16 16:35:16,479 - INFO - Processed 3000/23481 chunks...
2025-08-16 16:35:22,083 - INFO - Processed 3100/23481 chunks...
2025-08-16 16:35:28,593 - INFO - Processed 3200/23481 chunks...
2025-08-16 16:35:34,699 - INFO - Processed 3300/23481 chunks...
2025-08-16 16:35:40,574 - INFO - Processed 3400/23481 chunks...
2025-08-16 16:35:45,332 - INFO - Processed 3500/23481 chunks...
2025-08-16 16:35:50,362 - INFO - Processed 3600/23481 chunks...
2025-08-16 16:35:55,485 - INFO - Processed 3700/23481 chunks...
2025-08-16 16:36:00,660 - INFO - Processed 3800/23481 chunks...
2025-08-16 16:36:05,944 - INFO - Processed 3900/23481 chunks...
2025-08-16 16:36:11,531 - INFO - Processed 4000/23481 chunks...
2025-08-16 16:36:17,236 - INFO - Processed 4100/23481 chunks...
2025-08-16 16:36:22,821 - INFO - Processed 4200/23481 chunks...
2025-08-16 16:36:29,335 - INFO - Processed 4300/23481 chunks...
2025-08-16 16:36:36,736 - INFO - Processed 4400/23481 chunks...
2025-08-16 16:36:45,147 - INFO - Processed 4500/23481 chunks...
2025-08-16 16:36:53,228 - INFO - Processed 4600/23481 chunks...
2025-08-16 16:37:09,646 - INFO - Processed 4700/23481 chunks...
2025-08-16 16:37:23,157 - INFO - Processed 4800/23481 chunks...
2025-08-16 16:37:35,596 - INFO - Processed 4900/23481 chunks...
2025-08-16 16:37:44,649 - INFO - Processed 5000/23481 chunks...
2025-08-16 16:37:49,929 - INFO - Processed 5100/23481 chunks...
2025-08-16 16:37:55,063 - INFO - Processed 5200/23481 chunks...
2025-08-16 16:38:00,156 - INFO - Processed 5300/23481 chunks...
2025-08-16 16:38:05,527 - INFO - Processed 5400/23481 chunks...
2025-08-16 16:38:10,855 - INFO - Processed 5500/23481 chunks...
2025-08-16 16:38:15,922 - INFO - Processed 5600/23481 chunks...
2025-08-16 16:38:21,133 - INFO - Processed 5700/23481 chunks...
2025-08-16 16:38:27,302 - INFO - Processed 5800/23481 chunks...
2025-08-16 16:38:33,616 - INFO - Processed 5900/23481 chunks...
2025-08-16 16:38:39,974 - INFO - Processed 6000/23481 chunks...
2025-08-16 16:38:46,472 - INFO - Processed 6100/23481 chunks...
2025-08-16 16:38:52,844 - INFO - Processed 6200/23481 chunks...
2025-08-16 16:38:59,251 - INFO - Processed 6300/23481 chunks...
2025-08-16 16:39:05,667 - INFO - Processed 6400/23481 chunks...
2025-08-16 16:39:12,001 - INFO - Processed 6500/23481 chunks...
2025-08-16 16:39:18,287 - INFO - Processed 6600/23481 chunks...
2025-08-16 16:39:24,583 - INFO - Processed 6700/23481 chunks...
2025-08-16 16:39:29,919 - INFO - Processed 6800/23481 chunks...
2025-08-16 16:39:35,170 - INFO - Processed 6900/23481 chunks...
2025-08-16 16:39:40,608 - INFO - Processed 7000/23481 chunks...
2025-08-16 16:39:45,912 - INFO - Processed 7100/23481 chunks...
2025-08-16 16:39:51,379 - INFO - Processed 7200/23481 chunks...
2025-08-16 16:39:56,692 - INFO - Processed 7300/23481 chunks...
2025-08-16 16:40:01,896 - INFO - Processed 7400/23481 chunks...
2025-08-16 16:40:07,471 - INFO - Processed 7500/23481 chunks...
2025-08-16 16:40:12,880 - INFO - Processed 7600/23481 chunks...
2025-08-16 16:40:18,262 - INFO - Processed 7700/23481 chunks...
2025-08-16 16:40:23,567 - INFO - Processed 7800/23481 chunks...
2025-08-16 16:40:30,000 - INFO - Processed 7900/23481 chunks...
2025-08-16 16:40:37,008 - INFO - Processed 8000/23481 chunks...
2025-08-16 16:40:44,041 - INFO - Processed 8100/23481 chunks...
2025-08-16 16:40:53,465 - INFO - Processed 8200/23481 chunks...
2025-08-16 16:41:03,308 - INFO - Processed 8300/23481 chunks...
2025-08-16 16:41:09,327 - INFO - Processed 8400/23481 chunks...
2025-08-16 16:41:13,423 - INFO - Processed 8500/23481 chunks...
2025-08-16 16:41:17,320 - INFO - Processed 8600/23481 chunks...
2025-08-16 16:41:22,068 - INFO - Processed 8700/23481 chunks...
2025-08-16 16:41:27,337 - INFO - Processed 8800/23481 chunks...
2025-08-16 16:41:32,084 - INFO - Processed 8900/23481 chunks...
2025-08-16 16:41:36,902 - INFO - Processed 9000/23481 chunks...
2025-08-16 16:41:41,850 - INFO - Processed 9100/23481 chunks...
2025-08-16 16:41:47,241 - INFO - Processed 9200/23481 chunks...
2025-08-16 16:41:53,283 - INFO - Processed 9300/23481 chunks...
2025-08-16 16:41:58,277 - INFO - Processed 9400/23481 chunks...
2025-08-16 16:42:03,513 - INFO - Processed 9500/23481 chunks...
2025-08-16 16:42:09,265 - INFO - Processed 9600/23481 chunks...
2025-08-16 16:42:14,884 - INFO - Processed 9700/23481 chunks...
2025-08-16 16:42:20,047 - INFO - Processed 9800/23481 chunks...
2025-08-16 16:42:25,250 - INFO - Processed 9900/23481 chunks...
2025-08-16 16:42:30,331 - INFO - Processed 10000/23481 chunks...
2025-08-16 16:42:35,570 - INFO - Processed 10100/23481 chunks...
2025-08-16 16:42:41,419 - INFO - Processed 10200/23481 chunks...
2025-08-16 16:42:47,137 - INFO - Processed 10300/23481 chunks...
2025-08-16 16:42:52,674 - INFO - Processed 10400/23481 chunks...
2025-08-16 16:42:58,084 - INFO - Processed 10500/23481 chunks...
2025-08-16 16:43:04,509 - INFO - Processed 10600/23481 chunks...
2025-08-16 16:43:09,894 - INFO - Processed 10700/23481 chunks...
2025-08-16 16:43:15,478 - INFO - Processed 10800/23481 chunks...
2025-08-16 16:43:20,597 - INFO - Processed 10900/23481 chunks...
2025-08-16 16:43:26,205 - INFO - Processed 11000/23481 chunks...
2025-08-16 16:43:31,904 - INFO - Processed 11100/23481 chunks...
2025-08-16 16:43:37,399 - INFO - Processed 11200/23481 chunks...
2025-08-16 16:43:42,772 - INFO - Processed 11300/23481 chunks...
2025-08-16 16:43:48,473 - INFO - Processed 11400/23481 chunks...
2025-08-16 16:43:54,140 - INFO - Processed 11500/23481 chunks...
2025-08-16 16:43:59,366 - INFO - Processed 11600/23481 chunks...
2025-08-16 16:44:04,869 - INFO - Processed 11700/23481 chunks...
2025-08-16 16:44:10,040 - INFO - Processed 11800/23481 chunks...
2025-08-16 16:44:15,245 - INFO - Processed 11900/23481 chunks...
2025-08-16 16:44:20,989 - INFO - Processed 12000/23481 chunks...
2025-08-16 16:44:26,081 - INFO - Processed 12100/23481 chunks...
2025-08-16 16:44:31,356 - INFO - Processed 12200/23481 chunks...
2025-08-16 16:44:36,805 - INFO - Processed 12300/23481 chunks...
2025-08-16 16:44:42,230 - INFO - Processed 12400/23481 chunks...
2025-08-16 16:44:47,793 - INFO - Processed 12500/23481 chunks...
2025-08-16 16:44:53,358 - INFO - Processed 12600/23481 chunks...
2025-08-16 16:44:58,400 - INFO - Processed 12700/23481 chunks...
2025-08-16 16:45:03,451 - INFO - Processed 12800/23481 chunks...
2025-08-16 16:45:09,185 - INFO - Processed 12900/23481 chunks...
2025-08-16 16:45:14,174 - INFO - Processed 13000/23481 chunks...
2025-08-16 16:45:18,555 - INFO - Processed 13100/23481 chunks...
2025-08-16 16:45:23,497 - INFO - Processed 13200/23481 chunks...
2025-08-16 16:45:28,413 - INFO - Processed 13300/23481 chunks...
2025-08-16 16:45:33,460 - INFO - Processed 13400/23481 chunks...
2025-08-16 16:45:38,155 - INFO - Processed 13500/23481 chunks...
2025-08-16 16:45:42,945 - INFO - Processed 13600/23481 chunks...
2025-08-16 16:45:48,734 - INFO - Processed 13700/23481 chunks...
2025-08-16 16:45:54,324 - INFO - Processed 13800/23481 chunks...
2025-08-16 16:46:00,065 - INFO - Processed 13900/23481 chunks...
2025-08-16 16:46:06,455 - INFO - Processed 14000/23481 chunks...
2025-08-16 16:46:11,693 - INFO - Processed 14100/23481 chunks...
2025-08-16 16:46:17,236 - INFO - Processed 14200/23481 chunks...
2025-08-16 16:46:22,479 - INFO - Processed 14300/23481 chunks...
2025-08-16 16:46:27,983 - INFO - Processed 14400/23481 chunks...
2025-08-16 16:46:33,348 - INFO - Processed 14500/23481 chunks...
2025-08-16 16:46:39,019 - INFO - Processed 14600/23481 chunks...
2025-08-16 16:46:44,707 - INFO - Processed 14700/23481 chunks...
2025-08-16 16:46:50,632 - INFO - Processed 14800/23481 chunks...
2025-08-16 16:46:57,852 - INFO - Processed 14900/23481 chunks...
2025-08-16 16:47:08,356 - INFO - Processed 15000/23481 chunks...
2025-08-16 16:47:18,316 - INFO - Processed 15100/23481 chunks...
2025-08-16 16:47:28,342 - INFO - Processed 15200/23481 chunks...
2025-08-16 16:47:38,531 - INFO - Processed 15300/23481 chunks...
2025-08-16 16:47:48,817 - INFO - Processed 15400/23481 chunks...
2025-08-16 16:47:59,280 - INFO - Processed 15500/23481 chunks...
2025-08-16 16:48:09,946 - INFO - Processed 15600/23481 chunks...
2025-08-16 16:48:19,487 - INFO - Processed 15700/23481 chunks...
2025-08-16 16:48:30,164 - INFO - Processed 15800/23481 chunks...
2025-08-16 16:48:40,487 - INFO - Processed 15900/23481 chunks...
2025-08-16 16:48:50,308 - INFO - Processed 16000/23481 chunks...
2025-08-16 16:48:56,163 - INFO - Processed 16100/23481 chunks...
2025-08-16 16:49:02,103 - INFO - Processed 16200/23481 chunks...
2025-08-16 16:49:08,703 - INFO - Processed 16300/23481 chunks...
2025-08-16 16:49:14,990 - INFO - Processed 16400/23481 chunks...
2025-08-16 16:49:24,149 - INFO - Processed 16500/23481 chunks...
2025-08-16 16:49:33,086 - INFO - Processed 16600/23481 chunks...
2025-08-16 16:49:42,161 - INFO - Processed 16700/23481 chunks...
2025-08-16 16:49:52,774 - INFO - Processed 16800/23481 chunks...
2025-08-16 16:50:02,275 - INFO - Processed 16900/23481 chunks...
2025-08-16 16:50:10,795 - INFO - Processed 17000/23481 chunks...
2025-08-16 16:50:18,626 - INFO - Processed 17100/23481 chunks...
2025-08-16 16:50:25,376 - INFO - Processed 17200/23481 chunks...
2025-08-16 16:50:33,276 - INFO - Processed 17300/23481 chunks...
2025-08-16 16:50:40,805 - INFO - Processed 17400/23481 chunks...
2025-08-16 16:50:47,687 - INFO - Processed 17500/23481 chunks...
2025-08-16 16:50:56,790 - INFO - Processed 17600/23481 chunks...
2025-08-16 16:51:03,938 - INFO - Processed 17700/23481 chunks...
2025-08-16 16:51:11,420 - INFO - Processed 17800/23481 chunks...
2025-08-16 16:51:19,576 - INFO - Processed 17900/23481 chunks...
2025-08-16 16:51:26,535 - INFO - Processed 18000/23481 chunks...
2025-08-16 16:51:34,662 - INFO - Processed 18100/23481 chunks...
2025-08-16 16:51:41,658 - INFO - Processed 18200/23481 chunks...
2025-08-16 16:51:49,992 - INFO - Processed 18300/23481 chunks...
2025-08-16 16:51:57,759 - INFO - Processed 18400/23481 chunks...
2025-08-16 16:52:05,387 - INFO - Processed 18500/23481 chunks...
2025-08-16 16:52:13,351 - INFO - Processed 18600/23481 chunks...
2025-08-16 16:52:21,587 - INFO - Processed 18700/23481 chunks...
2025-08-16 16:52:29,632 - INFO - Processed 18800/23481 chunks...
2025-08-16 16:52:37,461 - INFO - Processed 18900/23481 chunks...
2025-08-16 16:52:46,520 - INFO - Processed 19000/23481 chunks...
2025-08-16 16:52:54,895 - INFO - Processed 19100/23481 chunks...
2025-08-16 16:53:03,102 - INFO - Processed 19200/23481 chunks...
2025-08-16 16:53:11,573 - INFO - Processed 19300/23481 chunks...
2025-08-16 16:53:19,809 - INFO - Processed 19400/23481 chunks...
2025-08-16 16:53:27,845 - INFO - Processed 19500/23481 chunks...
2025-08-16 16:53:35,799 - INFO - Processed 19600/23481 chunks...
2025-08-16 16:53:43,557 - INFO - Processed 19700/23481 chunks...
2025-08-16 16:53:51,917 - INFO - Processed 19800/23481 chunks...
2025-08-16 16:53:59,987 - INFO - Processed 19900/23481 chunks...
2025-08-16 16:54:08,197 - INFO - Processed 20000/23481 chunks...
2025-08-16 16:54:16,219 - INFO - Processed 20100/23481 chunks...
2025-08-16 16:54:24,900 - INFO - Processed 20200/23481 chunks...
2025-08-16 16:54:33,026 - INFO - Processed 20300/23481 chunks...
2025-08-16 16:54:40,906 - INFO - Processed 20400/23481 chunks...
2025-08-16 16:54:48,193 - INFO - Processed 20500/23481 chunks...
2025-08-16 16:54:56,482 - INFO - Processed 20600/23481 chunks...
2025-08-16 16:55:04,337 - INFO - Processed 20700/23481 chunks...
2025-08-16 16:55:12,071 - INFO - Processed 20800/23481 chunks...
2025-08-16 16:55:19,727 - INFO - Processed 20900/23481 chunks...
2025-08-16 16:55:27,531 - INFO - Processed 21000/23481 chunks...
2025-08-16 16:55:34,910 - INFO - Processed 21100/23481 chunks...
2025-08-16 16:55:42,284 - INFO - Processed 21200/23481 chunks...
2025-08-16 16:55:49,857 - INFO - Processed 21300/23481 chunks...
2025-08-16 16:55:57,983 - INFO - Processed 21400/23481 chunks...
2025-08-16 16:56:07,639 - INFO - Processed 21500/23481 chunks...
2025-08-16 16:56:16,894 - INFO - Processed 21600/23481 chunks...
2025-08-16 16:56:24,537 - INFO - Processed 21700/23481 chunks...
2025-08-16 16:56:32,604 - INFO - Processed 21800/23481 chunks...
2025-08-16 16:56:41,230 - INFO - Processed 21900/23481 chunks...
2025-08-16 16:56:49,449 - INFO - Processed 22000/23481 chunks...
2025-08-16 16:56:58,187 - INFO - Processed 22100/23481 chunks...
2025-08-16 16:57:06,316 - INFO - Processed 22200/23481 chunks...
2025-08-16 16:57:14,728 - INFO - Processed 22300/23481 chunks...
2025-08-16 16:57:23,194 - INFO - Processed 22400/23481 chunks...
2025-08-16 16:57:31,602 - INFO - Processed 22500/23481 chunks...
2025-08-16 16:57:40,537 - INFO - Processed 22600/23481 chunks...
2025-08-16 16:57:49,491 - INFO - Processed 22700/23481 chunks...
2025-08-16 16:57:58,163 - INFO - Processed 22800/23481 chunks...
2025-08-16 16:58:06,400 - INFO - Processed 22900/23481 chunks...
2025-08-16 16:58:15,077 - INFO - Processed 23000/23481 chunks...
2025-08-16 16:58:23,444 - INFO - Processed 23100/23481 chunks...
2025-08-16 16:58:30,609 - INFO - Processed 23200/23481 chunks...
2025-08-16 16:58:37,670 - INFO - Processed 23300/23481 chunks...
2025-08-16 16:58:44,701 - INFO - Processed 23400/23481 chunks...
2025-08-16 17:09:54,665 - INFO - Loading embedding model: sentence-transformers/all-MiniLM-L6-v2
2025-08-16 17:09:54,669 - INFO - Use pytorch device_name: cpu
2025-08-16 17:09:54,670 - INFO - Load pretrained SentenceTransformer: sentence-transformers/all-MiniLM-L6-v2
2025-08-16 17:10:01,191 - INFO - Embedding model loaded successfully
2025-08-16 17:10:02,736 - INFO - ChromaDB vector store initialized successfully
2025-08-16 17:10:02,736 - INFO - RAG System initialized successfully
2025-08-16 17:10:02,788 - INFO - Step 1: Processing PDFs and creating chunks...
2025-08-16 17:10:02,789 - INFO - Found 40 PDF files in med-books
2025-08-16 17:10:02,789 - INFO - Processing 10031.pdf...
2025-08-16 17:10:04,652 - INFO - Extracted text from med-books\10031.pdf: 1224529 characters
2025-08-16 17:10:04,801 - INFO - Created 1864 chunks from 10031.pdf
2025-08-16 17:10:04,801 - INFO - Successfully processed 10031.pdf: 1864 chunks
2025-08-16 17:10:04,802 - INFO - Processing 1677436256452967.pdf...
2025-08-16 17:10:08,468 - INFO - Extracted text from med-books\1677436256452967.pdf: 400967 characters
2025-08-16 17:10:08,522 - INFO - Created 603 chunks from 1677436256452967.pdf
2025-08-16 17:10:08,523 - INFO - Successfully processed 1677436256452967.pdf: 603 chunks
2025-08-16 17:10:08,523 - INFO - Processing 3-Lecture-Common-Skin-Disease-2019.pdf...
2025-08-16 17:10:08,888 - INFO - Extracted text from med-books\3-Lecture-Common-Skin-Disease-2019.pdf: 36510 characters
2025-08-16 17:10:08,895 - INFO - Created 51 chunks from 3-Lecture-Common-Skin-Disease-2019.pdf
2025-08-16 17:10:08,895 - INFO - Successfully processed 3-Lecture-Common-Skin-Disease-2019.pdf: 51 chunks
2025-08-16 17:10:08,895 - INFO - Processing 47537.pdf...
2025-08-16 17:10:09,001 - INFO - Extracted text from med-books\47537.pdf: 22867 characters
2025-08-16 17:10:09,005 - INFO - Created 36 chunks from 47537.pdf
2025-08-16 17:10:09,005 - INFO - Successfully processed 47537.pdf: 36 chunks
2025-08-16 17:10:09,005 - INFO - Processing 47591.pdf...
2025-08-16 17:10:09,122 - INFO - Extracted text from med-books\47591.pdf: 25655 characters
2025-08-16 17:10:09,126 - INFO - Created 40 chunks from 47591.pdf
2025-08-16 17:10:09,127 - INFO - Successfully processed 47591.pdf: 40 chunks
2025-08-16 17:10:09,127 - INFO - Processing 47601.pdf...
2025-08-16 17:10:10,031 - INFO - Extracted text from med-books\47601.pdf: 77645 characters
2025-08-16 17:10:10,042 - INFO - Created 119 chunks from 47601.pdf
2025-08-16 17:10:10,043 - INFO - Successfully processed 47601.pdf: 119 chunks
2025-08-16 17:10:10,043 - INFO - Processing 47608.pdf...
2025-08-16 17:10:10,402 - INFO - Extracted text from med-books\47608.pdf: 104885 characters
2025-08-16 17:10:10,415 - INFO - Created 166 chunks from 47608.pdf
2025-08-16 17:10:10,416 - INFO - Successfully processed 47608.pdf: 166 chunks
2025-08-16 17:10:10,416 - INFO - Processing 47725.pdf...
2025-08-16 17:10:10,660 - INFO - Extracted text from med-books\47725.pdf: 66838 characters
2025-08-16 17:10:10,669 - INFO - Created 111 chunks from 47725.pdf
2025-08-16 17:10:10,669 - INFO - Successfully processed 47725.pdf: 111 chunks
2025-08-16 17:10:10,670 - INFO - Processing 47746.pdf...
2025-08-16 17:10:10,832 - INFO - Extracted text from med-books\47746.pdf: 29704 characters
2025-08-16 17:10:10,837 - INFO - Created 46 chunks from 47746.pdf
2025-08-16 17:10:10,838 - INFO - Successfully processed 47746.pdf: 46 chunks
2025-08-16 17:10:10,839 - INFO - Processing 47764.pdf...
2025-08-16 17:10:11,035 - INFO - Extracted text from med-books\47764.pdf: 54719 characters
2025-08-16 17:10:11,044 - INFO - Created 84 chunks from 47764.pdf
2025-08-16 17:10:11,044 - INFO - Successfully processed 47764.pdf: 84 chunks
2025-08-16 17:10:11,045 - INFO - Processing 47839.pdf...
2025-08-16 17:10:11,449 - INFO - Extracted text from med-books\47839.pdf: 71311 characters
2025-08-16 17:10:11,461 - INFO - Created 100 chunks from 47839.pdf
2025-08-16 17:10:11,461 - INFO - Successfully processed 47839.pdf: 100 chunks
2025-08-16 17:10:11,462 - INFO - Processing 47906.pdf...
2025-08-16 17:10:12,090 - INFO - Extracted text from med-books\47906.pdf: 59433 characters
2025-08-16 17:10:12,101 - INFO - Created 81 chunks from 47906.pdf
2025-08-16 17:10:12,102 - INFO - Successfully processed 47906.pdf: 81 chunks
2025-08-16 17:10:12,102 - INFO - Processing 48184.pdf...
2025-08-16 17:10:12,501 - INFO - Extracted text from med-books\48184.pdf: 70496 characters
2025-08-16 17:10:12,511 - INFO - Created 110 chunks from 48184.pdf
2025-08-16 17:10:12,511 - INFO - Successfully processed 48184.pdf: 110 chunks
2025-08-16 17:10:12,512 - INFO - Processing 834_Food-nutrution-XI.pdf...
2025-08-16 17:10:14,681 - INFO - Extracted text from med-books\834_Food-nutrution-XI.pdf: 253363 characters
2025-08-16 17:10:14,710 - INFO - Created 357 chunks from 834_Food-nutrution-XI.pdf
2025-08-16 17:10:14,711 - INFO - Successfully processed 834_Food-nutrution-XI.pdf: 357 chunks
2025-08-16 17:10:14,711 - INFO - Processing A-Laboratory-Guide-to-Clinical-Hematology-1562966401._oss (1).pdf...
2025-08-16 17:37:59,135 - INFO - Loading embedding model: sentence-transformers/all-MiniLM-L6-v2
2025-08-16 17:37:59,139 - INFO - Use pytorch device_name: cpu
2025-08-16 17:37:59,139 - INFO - Load pretrained SentenceTransformer: sentence-transformers/all-MiniLM-L6-v2
2025-08-16 17:38:05,850 - INFO - Embedding model loaded successfully
2025-08-16 17:38:08,311 - INFO - ChromaDB vector store initialized successfully
2025-08-16 17:38:08,312 - INFO - RAG System initialized successfully
2025-08-16 17:38:08,401 - INFO - Initializing medical knowledge base...
2025-08-16 17:38:08,402 - INFO - Step 1: Processing PDFs and creating chunks...
2025-08-16 17:38:08,405 - INFO - Found 40 PDF files in med-books
2025-08-16 17:38:08,406 - INFO - Processing 10031.pdf...
2025-08-16 17:38:11,321 - INFO - Extracted text from med-books\10031.pdf: 1224529 characters
2025-08-16 17:38:11,520 - INFO - Created 1864 chunks from 10031.pdf
2025-08-16 17:38:11,520 - INFO - Successfully processed 10031.pdf: 1864 chunks
2025-08-16 17:38:11,521 - INFO - Processing 1677436256452967.pdf...
2025-08-16 17:38:16,530 - INFO - Extracted text from med-books\1677436256452967.pdf: 400967 characters
2025-08-16 17:38:16,607 - INFO - Created 603 chunks from 1677436256452967.pdf
2025-08-16 17:38:16,608 - INFO - Successfully processed 1677436256452967.pdf: 603 chunks
2025-08-16 17:38:16,608 - INFO - Processing 3-Lecture-Common-Skin-Disease-2019.pdf...
2025-08-16 17:38:17,290 - INFO - Extracted text from med-books\3-Lecture-Common-Skin-Disease-2019.pdf: 36510 characters
2025-08-16 17:38:17,298 - INFO - Created 51 chunks from 3-Lecture-Common-Skin-Disease-2019.pdf
2025-08-16 17:38:17,298 - INFO - Successfully processed 3-Lecture-Common-Skin-Disease-2019.pdf: 51 chunks
2025-08-16 17:38:17,299 - INFO - Processing 47537.pdf...
2025-08-16 17:38:17,472 - INFO - Extracted text from med-books\47537.pdf: 22867 characters
2025-08-16 17:38:17,483 - INFO - Created 36 chunks from 47537.pdf
2025-08-16 17:38:17,484 - INFO - Successfully processed 47537.pdf: 36 chunks
2025-08-16 17:38:17,485 - INFO - Processing 47591.pdf...
2025-08-16 17:38:17,667 - INFO - Extracted text from med-books\47591.pdf: 25655 characters
2025-08-16 17:38:17,676 - INFO - Created 40 chunks from 47591.pdf
2025-08-16 17:38:17,676 - INFO - Successfully processed 47591.pdf: 40 chunks
2025-08-16 17:38:17,677 - INFO - Processing 47601.pdf...
2025-08-16 17:38:19,058 - INFO - Extracted text from med-books\47601.pdf: 77645 characters
2025-08-16 17:38:19,087 - INFO - Created 119 chunks from 47601.pdf
2025-08-16 17:38:19,088 - INFO - Successfully processed 47601.pdf: 119 chunks
2025-08-16 17:38:19,089 - INFO - Processing 47608.pdf...
2025-08-16 17:38:19,735 - INFO - Extracted text from med-books\47608.pdf: 104885 characters
2025-08-16 17:38:19,766 - INFO - Created 166 chunks from 47608.pdf
2025-08-16 17:38:19,767 - INFO - Successfully processed 47608.pdf: 166 chunks
2025-08-16 17:38:19,768 - INFO - Processing 47725.pdf...
2025-08-16 17:38:20,266 - INFO - Extracted text from med-books\47725.pdf: 66838 characters
2025-08-16 17:38:20,301 - INFO - Created 111 chunks from 47725.pdf
2025-08-16 17:38:20,301 - INFO - Successfully processed 47725.pdf: 111 chunks
2025-08-16 17:38:20,302 - INFO - Processing 47746.pdf...
2025-08-16 17:38:20,570 - INFO - Extracted text from med-books\47746.pdf: 29704 characters
2025-08-16 17:38:20,581 - INFO - Created 46 chunks from 47746.pdf
2025-08-16 17:38:20,581 - INFO - Successfully processed 47746.pdf: 46 chunks
2025-08-16 17:38:20,582 - INFO - Processing 47764.pdf...
2025-08-16 17:38:20,882 - INFO - Extracted text from med-books\47764.pdf: 54719 characters
2025-08-16 17:38:20,896 - INFO - Created 84 chunks from 47764.pdf
2025-08-16 17:38:20,897 - INFO - Successfully processed 47764.pdf: 84 chunks
2025-08-16 17:38:20,897 - INFO - Processing 47839.pdf...
2025-08-16 17:38:21,530 - INFO - Extracted text from med-books\47839.pdf: 71311 characters
2025-08-16 17:38:21,542 - INFO - Created 100 chunks from 47839.pdf
2025-08-16 17:38:21,542 - INFO - Successfully processed 47839.pdf: 100 chunks
2025-08-16 17:38:21,543 - INFO - Processing 47906.pdf...
2025-08-16 17:38:22,449 - INFO - Extracted text from med-books\47906.pdf: 59433 characters
2025-08-16 17:38:22,460 - INFO - Created 81 chunks from 47906.pdf
2025-08-16 17:38:22,461 - INFO - Successfully processed 47906.pdf: 81 chunks
2025-08-16 17:38:22,461 - INFO - Processing 48184.pdf...
2025-08-16 17:38:22,939 - INFO - Extracted text from med-books\48184.pdf: 70496 characters
2025-08-16 17:38:22,953 - INFO - Created 110 chunks from 48184.pdf
2025-08-16 17:38:22,954 - INFO - Successfully processed 48184.pdf: 110 chunks
2025-08-16 17:38:22,954 - INFO - Processing 834_Food-nutrution-XI.pdf...
2025-08-16 17:38:26,197 - INFO - Extracted text from med-books\834_Food-nutrution-XI.pdf: 253363 characters
2025-08-16 17:38:26,241 - INFO - Created 357 chunks from 834_Food-nutrution-XI.pdf
2025-08-16 17:38:26,242 - INFO - Successfully processed 834_Food-nutrution-XI.pdf: 357 chunks
2025-08-16 17:38:26,242 - INFO - Processing A-Laboratory-Guide-to-Clinical-Hematology-1562966401._oss (1).pdf...
2025-08-16 17:40:44,551 - INFO - Extracted text from med-books\A-Laboratory-Guide-to-Clinical-Hematology-1562966401._oss (1).pdf: 286711 characters
2025-08-16 17:40:44,650 - INFO - Created 468 chunks from A-Laboratory-Guide-to-Clinical-Hematology-1562966401._oss (1).pdf
2025-08-16 17:40:44,651 - INFO - Successfully processed A-Laboratory-Guide-to-Clinical-Hematology-1562966401._oss (1).pdf: 468 chunks
2025-08-16 17:40:44,652 - INFO - Processing ANAT2341_Embryology_2009_Lectures.pdf...
2025-08-16 17:40:45,067 - ERROR - Error extracting text from med-books\ANAT2341_Embryology_2009_Lectures.pdf: PyCryptodome is required for AES algorithm
2025-08-16 17:40:45,067 - WARNING - No text extracted from ANAT2341_Embryology_2009_Lectures.pdf
2025-08-16 17:40:45,068 - INFO - Processing Anatomy-and-Physiology-Notes-Online-Notes.pdf...
2025-08-16 17:40:50,935 - INFO - Extracted text from med-books\Anatomy-and-Physiology-Notes-Online-Notes.pdf: 159820 characters
2025-08-16 17:40:51,015 - INFO - Created 483 chunks from Anatomy-and-Physiology-Notes-Online-Notes.pdf
2025-08-16 17:40:51,016 - INFO - Successfully processed Anatomy-and-Physiology-Notes-Online-Notes.pdf: 483 chunks
2025-08-16 17:40:51,017 - INFO - Processing a_20guide_20to_20orthodontics.pdf...
2025-08-16 17:40:52,374 - INFO - Extracted text from med-books\a_20guide_20to_20orthodontics.pdf: 130476 characters
2025-08-16 17:40:52,402 - INFO - Created 194 chunks from a_20guide_20to_20orthodontics.pdf
2025-08-16 17:40:52,403 - INFO - Successfully processed a_20guide_20to_20orthodontics.pdf: 194 chunks
2025-08-16 17:40:52,403 - INFO - Processing book-2.pdf...
2025-08-16 17:40:57,078 - INFO - Extracted text from med-books\book-2.pdf: 524349 characters
2025-08-16 17:40:57,239 - INFO - Created 831 chunks from book-2.pdf
2025-08-16 17:40:57,240 - INFO - Successfully processed book-2.pdf: 831 chunks
2025-08-16 17:40:57,241 - INFO - Processing book.pdf...
2025-08-16 17:41:06,219 - INFO - Extracted text from med-books\book.pdf: 534059 characters
2025-08-16 17:41:06,288 - INFO - Created 927 chunks from book.pdf
2025-08-16 17:41:06,288 - INFO - Successfully processed book.pdf: 927 chunks
2025-08-16 17:41:06,289 - INFO - Processing BSCZO-302.pdf...
2025-08-16 17:41:10,396 - INFO - Extracted text from med-books\BSCZO-302.pdf: 485372 characters
2025-08-16 17:41:10,542 - INFO - Created 710 chunks from BSCZO-302.pdf
2025-08-16 17:41:10,543 - INFO - Successfully processed BSCZO-302.pdf: 710 chunks
2025-08-16 17:41:10,544 - INFO - Processing CPG_Management_of_Thyroid_Disorders.pdf...
2025-08-16 17:41:14,053 - INFO - Extracted text from med-books\CPG_Management_of_Thyroid_Disorders.pdf: 426846 characters
2025-08-16 17:41:14,130 - INFO - Created 613 chunks from CPG_Management_of_Thyroid_Disorders.pdf
2025-08-16 17:41:14,131 - INFO - Successfully processed CPG_Management_of_Thyroid_Disorders.pdf: 613 chunks
2025-08-16 17:41:14,131 - INFO - Processing dsa1232 (1).pdf...
2025-08-16 17:41:17,128 - INFO - Extracted text from med-books\dsa1232 (1).pdf: 359539 characters
2025-08-16 17:41:17,261 - INFO - Created 544 chunks from dsa1232 (1).pdf
2025-08-16 17:41:17,262 - INFO - Successfully processed dsa1232 (1).pdf: 544 chunks
2025-08-16 17:41:17,262 - INFO - Processing dsa1232.pdf...
2025-08-16 17:41:20,200 - INFO - Extracted text from med-books\dsa1232.pdf: 359539 characters
2025-08-16 17:41:20,338 - INFO - Created 544 chunks from dsa1232.pdf
2025-08-16 17:41:20,339 - INFO - Successfully processed dsa1232.pdf: 544 chunks
2025-08-16 17:41:20,339 - INFO - Processing emedicine.medscape.com_article_286227-print.pdf...
2025-08-16 17:41:24,219 - INFO - Extracted text from med-books\emedicine.medscape.com_article_286227-print.pdf: 140859 characters
2025-08-16 17:41:24,244 - INFO - Created 221 chunks from emedicine.medscape.com_article_286227-print.pdf
2025-08-16 17:41:24,244 - INFO - Successfully processed emedicine.medscape.com_article_286227-print.pdf: 221 chunks
2025-08-16 17:41:24,245 - INFO - Processing Emergency Care Training Manual for Medical Officer at AB-HWC.pdf...
2025-08-16 17:41:26,629 - INFO - Extracted text from med-books\Emergency Care Training Manual for Medical Officer at AB-HWC.pdf: 270049 characters
2025-08-16 17:41:26,731 - INFO - Created 399 chunks from Emergency Care Training Manual for Medical Officer at AB-HWC.pdf
2025-08-16 17:41:26,731 - INFO - Successfully processed Emergency Care Training Manual for Medical Officer at AB-HWC.pdf: 399 chunks
2025-08-16 17:41:26,732 - INFO - Processing emergency-guidelines.pdf...
2025-08-16 17:41:28,866 - INFO - Extracted text from med-books\emergency-guidelines.pdf: 113166 characters
2025-08-16 17:41:28,885 - INFO - Created 159 chunks from emergency-guidelines.pdf
2025-08-16 17:41:28,886 - INFO - Successfully processed emergency-guidelines.pdf: 159 chunks
2025-08-16 17:41:28,886 - INFO - Processing FINAL-Anaesthesia-Notes-2015-VETS4012-1.pdf...
2025-08-16 17:41:30,398 - INFO - Extracted text from med-books\FINAL-Anaesthesia-Notes-2015-VETS4012-1.pdf: 440400 characters
2025-08-16 17:41:30,544 - INFO - Created 644 chunks from FINAL-Anaesthesia-Notes-2015-VETS4012-1.pdf
2025-08-16 17:41:30,545 - INFO - Successfully processed FINAL-Anaesthesia-Notes-2015-VETS4012-1.pdf: 644 chunks
2025-08-16 17:41:30,545 - INFO - Processing Food borne diseases.pdf...
2025-08-16 17:41:31,078 - INFO - Extracted text from med-books\Food borne diseases.pdf: 48402 characters
2025-08-16 17:41:31,155 - INFO - Created 75 chunks from Food borne diseases.pdf
2025-08-16 17:41:31,156 - INFO - Successfully processed Food borne diseases.pdf: 75 chunks
2025-08-16 17:41:31,157 - INFO - Processing FundamentalsOfEpidemiology.pdf...
2025-08-16 17:41:39,006 - INFO - Extracted text from med-books\FundamentalsOfEpidemiology.pdf: 1473609 characters
2025-08-16 17:41:39,252 - INFO - Created 2339 chunks from FundamentalsOfEpidemiology.pdf
2025-08-16 17:41:39,253 - INFO - Successfully processed FundamentalsOfEpidemiology.pdf: 2339 chunks
2025-08-16 17:41:39,253 - INFO - Processing hagan_3.pdf...
2025-08-16 17:41:41,188 - INFO - Extracted text from med-books\hagan_3.pdf: 479718 characters
2025-08-16 17:41:41,332 - INFO - Created 724 chunks from hagan_3.pdf
2025-08-16 17:41:41,333 - INFO - Successfully processed hagan_3.pdf: 724 chunks
2025-08-16 17:41:41,334 - INFO - Processing hdbk_wmn.pdf...
2025-08-16 17:41:42,273 - INFO - Extracted text from med-books\hdbk_wmn.pdf: 183052 characters
2025-08-16 17:41:42,370 - INFO - Created 260 chunks from hdbk_wmn.pdf
2025-08-16 17:41:42,371 - INFO - Successfully processed hdbk_wmn.pdf: 260 chunks
2025-08-16 17:41:42,372 - INFO - Processing I-546.pdf...
2025-08-16 17:42:08,503 - INFO - Extracted text from med-books\I-546.pdf: 2124291 characters
2025-08-16 17:42:08,905 - INFO - Created 3125 chunks from I-546.pdf
2025-08-16 17:42:08,907 - INFO - Successfully processed I-546.pdf: 3125 chunks
2025-08-16 17:42:08,909 - INFO - Processing infectious-diseases-in-the-south-east-asia-region-1.pdf...
2025-08-16 17:42:15,554 - INFO - Extracted text from med-books\infectious-diseases-in-the-south-east-asia-region-1.pdf: 783798 characters
2025-08-16 17:42:15,682 - INFO - Created 1228 chunks from infectious-diseases-in-the-south-east-asia-region-1.pdf
2025-08-16 17:42:15,683 - INFO - Successfully processed infectious-diseases-in-the-south-east-asia-region-1.pdf: 1228 chunks
2025-08-16 17:42:15,684 - INFO - Processing KrausesEssentialHuman.pdf...
2025-08-16 17:42:21,385 - INFO - Extracted text from med-books\KrausesEssentialHuman.pdf: 1301952 characters
2025-08-16 17:42:21,633 - INFO - Created 1858 chunks from KrausesEssentialHuman.pdf
2025-08-16 17:42:21,635 - INFO - Successfully processed KrausesEssentialHuman.pdf: 1858 chunks
2025-08-16 17:42:21,636 - INFO - Processing MAT-TIP_43-MMT_Guidelines2005.pdf...
2025-08-16 17:42:23,792 - INFO - Extracted text from med-books\MAT-TIP_43-MMT_Guidelines2005.pdf: 1045470 characters
2025-08-16 17:42:24,058 - INFO - Created 1612 chunks from MAT-TIP_43-MMT_Guidelines2005.pdf
2025-08-16 17:42:24,060 - INFO - Successfully processed MAT-TIP_43-MMT_Guidelines2005.pdf: 1612 chunks
2025-08-16 17:42:24,060 - INFO - Processing Pict_guide_to_Vet_Obs_and_Gynaecology (1).pdf...
2025-08-16 17:42:27,451 - INFO - Extracted text from med-books\Pict_guide_to_Vet_Obs_and_Gynaecology (1).pdf: 224378 characters
2025-08-16 17:42:27,487 - INFO - Created 316 chunks from Pict_guide_to_Vet_Obs_and_Gynaecology (1).pdf
2025-08-16 17:42:27,487 - INFO - Successfully processed Pict_guide_to_Vet_Obs_and_Gynaecology (1).pdf: 316 chunks
2025-08-16 17:42:27,488 - INFO - Processing Pict_guide_to_Vet_Obs_and_Gynaecology.pdf...
2025-08-16 17:42:31,188 - INFO - Extracted text from med-books\Pict_guide_to_Vet_Obs_and_Gynaecology.pdf: 224378 characters
2025-08-16 17:42:31,221 - INFO - Created 316 chunks from Pict_guide_to_Vet_Obs_and_Gynaecology.pdf
2025-08-16 17:42:31,222 - INFO - Successfully processed Pict_guide_to_Vet_Obs_and_Gynaecology.pdf: 316 chunks
2025-08-16 17:42:31,224 - INFO - Processing syllabus.pdf...
2025-08-16 17:42:32,552 - INFO - Extracted text from med-books\syllabus.pdf: 472394 characters
2025-08-16 17:42:32,627 - INFO - Created 697 chunks from syllabus.pdf
2025-08-16 17:42:32,628 - INFO - Successfully processed syllabus.pdf: 697 chunks
2025-08-16 17:42:32,628 - INFO - Processing TB_GlobalPlanToStopTB2011-2015.pdf...
2025-08-16 17:42:39,534 - INFO - Extracted text from med-books\TB_GlobalPlanToStopTB2011-2015.pdf: 310041 characters
2025-08-16 17:42:39,595 - INFO - Created 426 chunks from TB_GlobalPlanToStopTB2011-2015.pdf
2025-08-16 17:42:39,596 - INFO - Successfully processed TB_GlobalPlanToStopTB2011-2015.pdf: 426 chunks
2025-08-16 17:42:39,597 - INFO - Total chunks created: 23481
2025-08-16 17:42:39,610 - INFO - Chunk Statistics: {
  "total_chunks": 23481,
  "total_characters": 17140413,
  "average_chunk_size": 729.9694646735659,
  "min_chunk_size": 83,
  "max_chunk_size": 22093,
  "unique_sources": 39,
  "sources": [
    "47764.pdf",
    "1677436256452967.pdf",
    "FINAL-Anaesthesia-Notes-2015-VETS4012-1.pdf",
    "47839.pdf",
    "A-Laboratory-Guide-to-Clinical-Hematology-1562966401._oss (1).pdf",
    "dsa1232 (1).pdf",
    "book.pdf",
    "Anatomy-and-Physiology-Notes-Online-Notes.pdf",
    "CPG_Management_of_Thyroid_Disorders.pdf",
    "10031.pdf",
    "47608.pdf",
    "3-Lecture-Common-Skin-Disease-2019.pdf",
    "834_Food-nutrution-XI.pdf",
    "infectious-diseases-in-the-south-east-asia-region-1.pdf",
    "47591.pdf",
    "dsa1232.pdf",
    "47746.pdf",
    "BSCZO-302.pdf",
    "TB_GlobalPlanToStopTB2011-2015.pdf",
    "47725.pdf",
    "48184.pdf",
    "hdbk_wmn.pdf",
    "KrausesEssentialHuman.pdf",
    "emedicine.medscape.com_article_286227-print.pdf",
    "a_20guide_20to_20orthodontics.pdf",
    "47601.pdf",
    "hagan_3.pdf",
    "Pict_guide_to_Vet_Obs_and_Gynaecology (1).pdf",
    "syllabus.pdf",
    "emergency-guidelines.pdf",
    "book-2.pdf",
    "47906.pdf",
    "FundamentalsOfEpidemiology.pdf",
    "47537.pdf",
    "Emergency Care Training Manual for Medical Officer at AB-HWC.pdf",
    "MAT-TIP_43-MMT_Guidelines2005.pdf",
    "I-546.pdf",
    "Food borne diseases.pdf",
    "Pict_guide_to_Vet_Obs_and_Gynaecology.pdf"
  ]
}
2025-08-16 17:42:39,612 - INFO - Step 2: Creating embeddings and storing in vector database...
2025-08-16 17:42:39,612 - INFO - Starting complete RAG processing pipeline...
2025-08-16 17:42:39,612 - INFO - Creating embeddings for 23481 chunks...
2025-08-16 17:42:48,784 - INFO - Processed 100/23481 chunks...
2025-08-16 17:42:59,401 - INFO - Processed 200/23481 chunks...
2025-08-16 17:43:08,251 - INFO - Processed 300/23481 chunks...
2025-08-16 17:43:18,235 - INFO - Processed 400/23481 chunks...
2025-08-16 17:43:28,157 - INFO - Processed 500/23481 chunks...
2025-08-16 17:43:42,136 - INFO - Processed 600/23481 chunks...
2025-08-16 17:43:53,913 - INFO - Processed 700/23481 chunks...
2025-08-16 17:44:06,617 - INFO - Processed 800/23481 chunks...
2025-08-16 17:44:17,391 - INFO - Processed 900/23481 chunks...
2025-08-16 17:44:27,189 - INFO - Processed 1000/23481 chunks...
2025-08-16 17:44:40,851 - INFO - Processed 1100/23481 chunks...
2025-08-16 17:44:54,692 - INFO - Processed 1200/23481 chunks...
2025-08-16 17:45:09,736 - INFO - Processed 1300/23481 chunks...
2025-08-16 17:45:22,677 - INFO - Processed 1400/23481 chunks...
2025-08-16 17:45:33,823 - INFO - Processed 1500/23481 chunks...
2025-08-16 17:45:48,878 - INFO - Processed 1600/23481 chunks...
2025-08-16 17:45:59,957 - INFO - Processed 1700/23481 chunks...
2025-08-16 17:46:12,080 - INFO - Processed 1800/23481 chunks...
2025-08-16 17:46:25,683 - INFO - Processed 1900/23481 chunks...
2025-08-16 17:46:39,201 - INFO - Processed 2000/23481 chunks...
2025-08-16 17:46:53,100 - INFO - Processed 2100/23481 chunks...
2025-08-16 17:47:05,946 - INFO - Processed 2200/23481 chunks...
2025-08-16 17:47:18,049 - INFO - Processed 2300/23481 chunks...
2025-08-16 17:47:29,844 - INFO - Processed 2400/23481 chunks...
2025-08-16 17:47:41,276 - INFO - Processed 2500/23481 chunks...
2025-08-16 17:47:54,724 - INFO - Processed 2600/23481 chunks...
2025-08-16 17:48:08,026 - INFO - Processed 2700/23481 chunks...
2025-08-16 17:48:20,255 - INFO - Processed 2800/23481 chunks...
2025-08-16 17:48:33,384 - INFO - Processed 2900/23481 chunks...
2025-08-16 17:48:46,470 - INFO - Processed 3000/23481 chunks...
2025-08-16 17:48:55,491 - INFO - Processed 3100/23481 chunks...
2025-08-16 17:49:08,903 - INFO - Processed 3200/23481 chunks...
2025-08-16 17:49:21,811 - INFO - Processed 3300/23481 chunks...
2025-08-16 17:49:34,753 - INFO - Processed 3400/23481 chunks...
2025-08-16 17:49:47,353 - INFO - Processed 3500/23481 chunks...
2025-08-16 17:49:58,819 - INFO - Processed 3600/23481 chunks...
2025-08-16 17:50:10,758 - INFO - Processed 3700/23481 chunks...
2025-08-16 17:50:23,588 - INFO - Processed 3800/23481 chunks...
2025-08-16 17:50:31,602 - INFO - Processed 3900/23481 chunks...
2025-08-16 17:50:42,116 - INFO - Processed 4000/23481 chunks...
2025-08-16 17:50:54,467 - INFO - Processed 4100/23481 chunks...
2025-08-16 17:51:06,894 - INFO - Processed 4200/23481 chunks...
2025-08-16 17:51:21,085 - INFO - Processed 4300/23481 chunks...
2025-08-16 17:51:34,444 - INFO - Processed 4400/23481 chunks...
2025-08-16 17:51:47,482 - INFO - Processed 4500/23481 chunks...
2025-08-16 17:52:00,181 - INFO - Processed 4600/23481 chunks...
2025-08-16 17:52:12,522 - INFO - Processed 4700/23481 chunks...
2025-08-16 17:52:22,054 - INFO - Processed 4800/23481 chunks...
2025-08-16 17:52:32,362 - INFO - Processed 4900/23481 chunks...
2025-08-16 17:52:42,621 - INFO - Processed 5000/23481 chunks...
2025-08-16 17:52:54,497 - INFO - Processed 5100/23481 chunks...
2025-08-16 17:53:05,670 - INFO - Processed 5200/23481 chunks...
2025-08-16 17:53:16,658 - INFO - Processed 5300/23481 chunks...
2025-08-16 17:53:27,153 - INFO - Processed 5400/23481 chunks...
2025-08-16 17:53:38,097 - INFO - Processed 5500/23481 chunks...
2025-08-16 17:53:49,864 - INFO - Processed 5600/23481 chunks...
2025-08-16 17:54:01,090 - INFO - Processed 5700/23481 chunks...
2025-08-16 17:54:14,819 - INFO - Processed 5800/23481 chunks...
2025-08-16 17:54:27,028 - INFO - Processed 5900/23481 chunks...
2025-08-16 17:54:38,730 - INFO - Processed 6000/23481 chunks...
2025-08-16 17:54:50,502 - INFO - Processed 6100/23481 chunks...
2025-08-16 17:55:03,533 - INFO - Processed 6200/23481 chunks...
2025-08-16 17:55:16,069 - INFO - Processed 6300/23481 chunks...
2025-08-16 17:55:26,645 - INFO - Processed 6400/23481 chunks...
2025-08-16 17:55:36,266 - INFO - Processed 6500/23481 chunks...
2025-08-16 17:55:47,775 - INFO - Processed 6600/23481 chunks...
2025-08-16 17:55:58,795 - INFO - Processed 6700/23481 chunks...
2025-08-16 17:56:10,119 - INFO - Processed 6800/23481 chunks...
2025-08-16 17:56:19,438 - INFO - Processed 6900/23481 chunks...
2025-08-16 17:56:30,719 - INFO - Processed 7000/23481 chunks...
2025-08-16 17:56:41,533 - INFO - Processed 7100/23481 chunks...
2025-08-16 17:56:52,931 - INFO - Processed 7200/23481 chunks...
2025-08-16 17:57:04,891 - INFO - Processed 7300/23481 chunks...
2025-08-16 17:57:15,315 - INFO - Processed 7400/23481 chunks...
2025-08-16 17:57:23,189 - INFO - Processed 7500/23481 chunks...
2025-08-16 17:57:33,031 - INFO - Processed 7600/23481 chunks...
2025-08-16 17:57:42,355 - INFO - Processed 7700/23481 chunks...
2025-08-16 17:57:53,612 - INFO - Processed 7800/23481 chunks...
2025-08-16 17:58:07,413 - INFO - Processed 7900/23481 chunks...
2025-08-16 17:58:18,510 - INFO - Processed 8000/23481 chunks...
2025-08-16 17:58:27,149 - INFO - Processed 8100/23481 chunks...
2025-08-16 17:58:36,485 - INFO - Processed 8200/23481 chunks...
2025-08-16 17:58:46,817 - INFO - Processed 8300/23481 chunks...
2025-08-16 17:58:56,796 - INFO - Processed 8400/23481 chunks...
2025-08-16 17:59:06,960 - INFO - Processed 8500/23481 chunks...
2025-08-16 17:59:17,384 - INFO - Processed 8600/23481 chunks...
2025-08-16 17:59:27,252 - INFO - Processed 8700/23481 chunks...
2025-08-16 17:59:36,685 - INFO - Processed 8800/23481 chunks...
2025-08-16 17:59:46,776 - INFO - Processed 8900/23481 chunks...
2025-08-16 17:59:56,563 - INFO - Processed 9000/23481 chunks...
2025-08-16 18:00:07,138 - INFO - Processed 9100/23481 chunks...
2025-08-16 18:00:18,353 - INFO - Processed 9200/23481 chunks...
2025-08-16 18:00:28,484 - INFO - Processed 9300/23481 chunks...
2025-08-16 18:00:38,480 - INFO - Processed 9400/23481 chunks...
2025-08-16 18:00:49,661 - INFO - Processed 9500/23481 chunks...
2025-08-16 18:01:01,032 - INFO - Processed 9600/23481 chunks...
2025-08-16 18:01:13,666 - INFO - Processed 9700/23481 chunks...
2025-08-16 18:01:25,403 - INFO - Processed 9800/23481 chunks...
2025-08-16 18:01:36,991 - INFO - Processed 9900/23481 chunks...
2025-08-16 18:01:47,013 - INFO - Processed 10000/23481 chunks...
2025-08-16 18:01:58,853 - INFO - Processed 10100/23481 chunks...
2025-08-16 18:02:09,557 - INFO - Processed 10200/23481 chunks...
2025-08-16 18:02:20,950 - INFO - Processed 10300/23481 chunks...
2025-08-16 18:02:32,999 - INFO - Processed 10400/23481 chunks...
2025-08-16 18:02:41,717 - INFO - Processed 10500/23481 chunks...
2025-08-16 18:02:51,698 - INFO - Processed 10600/23481 chunks...
2025-08-16 18:03:03,170 - INFO - Processed 10700/23481 chunks...
2025-08-16 18:03:14,720 - INFO - Processed 10800/23481 chunks...
2025-08-16 18:03:23,180 - INFO - Processed 10900/23481 chunks...
2025-08-16 18:03:34,810 - INFO - Processed 11000/23481 chunks...
2025-08-16 18:03:45,705 - INFO - Processed 11100/23481 chunks...
2025-08-16 18:03:55,818 - INFO - Processed 11200/23481 chunks...
2025-08-16 18:04:07,795 - INFO - Processed 11300/23481 chunks...
2025-08-16 18:04:19,308 - INFO - Processed 11400/23481 chunks...
2025-08-16 18:04:31,524 - INFO - Processed 11500/23481 chunks...
2025-08-16 18:04:41,563 - INFO - Processed 11600/23481 chunks...
2025-08-16 18:04:53,360 - INFO - Processed 11700/23481 chunks...
2025-08-16 18:05:04,980 - INFO - Processed 11800/23481 chunks...
2025-08-16 18:05:16,702 - INFO - Processed 11900/23481 chunks...
2025-08-16 18:05:28,250 - INFO - Processed 12000/23481 chunks...
2025-08-16 18:05:36,735 - INFO - Processed 12100/23481 chunks...
2025-08-16 18:05:47,759 - INFO - Processed 12200/23481 chunks...
2025-08-16 18:05:59,997 - INFO - Processed 12300/23481 chunks...
2025-08-16 18:06:09,803 - INFO - Processed 12400/23481 chunks...
2025-08-16 18:06:21,768 - INFO - Processed 12500/23481 chunks...
2025-08-16 18:06:30,844 - INFO - Processed 12600/23481 chunks...
2025-08-16 18:06:42,595 - INFO - Processed 12700/23481 chunks...
2025-08-16 18:06:53,904 - INFO - Processed 12800/23481 chunks...
2025-08-16 18:07:02,526 - INFO - Processed 12900/23481 chunks...
2025-08-16 18:07:12,215 - INFO - Processed 13000/23481 chunks...
2025-08-16 18:07:20,574 - INFO - Processed 13100/23481 chunks...
2025-08-16 18:07:31,157 - INFO - Processed 13200/23481 chunks...
2025-08-16 18:07:41,354 - INFO - Processed 13300/23481 chunks...
2025-08-16 18:07:51,683 - INFO - Processed 13400/23481 chunks...
2025-08-16 18:08:00,721 - INFO - Processed 13500/23481 chunks...
2025-08-16 18:08:10,122 - INFO - Processed 13600/23481 chunks...
2025-08-16 18:08:21,307 - INFO - Processed 13700/23481 chunks...
2025-08-16 18:08:32,420 - INFO - Processed 13800/23481 chunks...
2025-08-16 18:08:41,837 - INFO - Processed 13900/23481 chunks...
2025-08-16 18:08:52,803 - INFO - Processed 14000/23481 chunks...
2025-08-16 18:09:05,841 - INFO - Processed 14100/23481 chunks...
2025-08-16 18:09:17,923 - INFO - Processed 14200/23481 chunks...
2025-08-16 18:09:29,854 - INFO - Processed 14300/23481 chunks...
2025-08-16 18:09:42,278 - INFO - Processed 14400/23481 chunks...
2025-08-16 18:09:51,911 - INFO - Processed 14500/23481 chunks...
2025-08-16 18:10:05,134 - INFO - Processed 14600/23481 chunks...
2025-08-16 18:10:14,765 - INFO - Processed 14700/23481 chunks...
2025-08-16 18:10:25,353 - INFO - Processed 14800/23481 chunks...
2025-08-16 18:10:35,809 - INFO - Processed 14900/23481 chunks...
2025-08-16 18:10:48,029 - INFO - Processed 15000/23481 chunks...
2025-08-16 18:10:58,470 - INFO - Processed 15100/23481 chunks...
2025-08-16 18:11:10,163 - INFO - Processed 15200/23481 chunks...
2025-08-16 18:11:21,786 - INFO - Processed 15300/23481 chunks...
2025-08-16 18:11:33,063 - INFO - Processed 15400/23481 chunks...
2025-08-16 18:11:44,099 - INFO - Processed 15500/23481 chunks...
2025-08-16 18:11:55,504 - INFO - Processed 15600/23481 chunks...
2025-08-16 18:12:04,799 - INFO - Processed 15700/23481 chunks...
2025-08-16 18:12:15,383 - INFO - Processed 15800/23481 chunks...
2025-08-16 18:12:25,984 - INFO - Processed 15900/23481 chunks...
2025-08-16 18:12:37,709 - INFO - Processed 16000/23481 chunks...
2025-08-16 18:12:47,198 - INFO - Processed 16100/23481 chunks...
2025-08-16 18:12:58,756 - INFO - Processed 16200/23481 chunks...
2025-08-16 18:13:08,760 - INFO - Processed 16300/23481 chunks...
2025-08-16 18:13:20,505 - INFO - Processed 16400/23481 chunks...
2025-08-16 18:13:33,117 - INFO - Processed 16500/23481 chunks...
2025-08-16 18:13:46,197 - INFO - Processed 16600/23481 chunks...
2025-08-16 18:13:59,761 - INFO - Processed 16700/23481 chunks...
2025-08-16 18:14:12,319 - INFO - Processed 16800/23481 chunks...
2025-08-16 18:14:24,870 - INFO - Processed 16900/23481 chunks...
2025-08-16 18:14:36,978 - INFO - Processed 17000/23481 chunks...
2025-08-16 18:14:48,561 - INFO - Processed 17100/23481 chunks...
2025-08-16 18:14:59,789 - INFO - Processed 17200/23481 chunks...
2025-08-16 18:15:11,721 - INFO - Processed 17300/23481 chunks...
2025-08-16 18:15:23,545 - INFO - Processed 17400/23481 chunks...
2025-08-16 18:15:34,178 - INFO - Processed 17500/23481 chunks...
2025-08-16 18:15:47,110 - INFO - Processed 17600/23481 chunks...
2025-08-16 18:15:57,630 - INFO - Processed 17700/23481 chunks...
2025-08-16 18:16:09,435 - INFO - Processed 17800/23481 chunks...
2025-08-16 18:16:22,497 - INFO - Processed 17900/23481 chunks...
2025-08-16 18:16:32,419 - INFO - Processed 18000/23481 chunks...
2025-08-16 18:16:44,754 - INFO - Processed 18100/23481 chunks...
2025-08-16 18:16:55,425 - INFO - Processed 18200/23481 chunks...
2025-08-16 18:17:07,457 - INFO - Processed 18300/23481 chunks...
2025-08-16 18:17:18,337 - INFO - Processed 18400/23481 chunks...
2025-08-16 18:27:08,735 - INFO - Processed 18500/23481 chunks...
2025-08-16 18:27:22,683 - INFO - Processed 18600/23481 chunks...
2025-08-16 18:27:37,940 - INFO - Processed 18700/23481 chunks...
2025-08-16 18:27:51,476 - INFO - Processed 18800/23481 chunks...
2025-08-16 18:28:06,595 - INFO - Processed 18900/23481 chunks...
2025-08-16 18:28:22,944 - INFO - Processed 19000/23481 chunks...
2025-08-16 18:28:39,435 - INFO - Processed 19100/23481 chunks...
2025-08-16 18:28:56,062 - INFO - Processed 19200/23481 chunks...
2025-08-16 18:29:11,520 - INFO - Processed 19300/23481 chunks...
2025-08-16 18:29:27,263 - INFO - Processed 19400/23481 chunks...
2025-08-16 18:29:43,763 - INFO - Processed 19500/23481 chunks...
2025-08-16 18:29:59,263 - INFO - Processed 19600/23481 chunks...
2025-08-16 18:30:15,443 - INFO - Processed 19700/23481 chunks...
2025-08-16 18:30:32,216 - INFO - Processed 19800/23481 chunks...
2025-08-16 18:30:48,913 - INFO - Processed 19900/23481 chunks...
2025-08-16 18:31:02,466 - INFO - Processed 20000/23481 chunks...
2025-08-16 18:31:16,123 - INFO - Processed 20100/23481 chunks...
2025-08-16 18:31:32,426 - INFO - Processed 20200/23481 chunks...
2025-08-16 18:31:49,025 - INFO - Processed 20300/23481 chunks...
2025-08-16 18:32:07,672 - INFO - Processed 20400/23481 chunks...
2025-08-16 18:32:24,576 - INFO - Processed 20500/23481 chunks...
2025-08-16 18:32:38,673 - INFO - Processed 20600/23481 chunks...
2025-08-16 18:32:55,244 - INFO - Processed 20700/23481 chunks...
2025-08-16 18:33:12,503 - INFO - Processed 20800/23481 chunks...
2025-08-16 18:33:30,031 - INFO - Processed 20900/23481 chunks...
2025-08-16 18:33:46,928 - INFO - Processed 21000/23481 chunks...
2025-08-16 18:34:02,587 - INFO - Processed 21100/23481 chunks...
2025-08-16 18:34:19,750 - INFO - Processed 21200/23481 chunks...
2025-08-16 18:34:36,721 - INFO - Processed 21300/23481 chunks...
2025-08-16 18:34:53,796 - INFO - Processed 21400/23481 chunks...
2025-08-16 18:35:13,921 - INFO - Processed 21500/23481 chunks...
2025-08-16 18:35:31,427 - INFO - Processed 21600/23481 chunks...
2025-08-16 18:35:47,800 - INFO - Processed 21700/23481 chunks...
2025-08-16 18:36:05,101 - INFO - Processed 21800/23481 chunks...
2025-08-16 18:36:22,384 - INFO - Processed 21900/23481 chunks...
2025-08-16 18:36:39,260 - INFO - Processed 22000/23481 chunks...
2025-08-16 18:36:54,999 - INFO - Processed 22100/23481 chunks...
2025-08-16 18:37:08,970 - INFO - Processed 22200/23481 chunks...
2025-08-16 18:37:22,996 - INFO - Processed 22300/23481 chunks...
2025-08-16 18:37:38,288 - INFO - Processed 22400/23481 chunks...
2025-08-16 18:37:54,195 - INFO - Processed 22500/23481 chunks...
2025-08-16 18:38:10,352 - INFO - Processed 22600/23481 chunks...
2025-08-16 18:38:26,156 - INFO - Processed 22700/23481 chunks...
2025-08-16 18:38:43,434 - INFO - Processed 22800/23481 chunks...
2025-08-16 18:38:59,779 - INFO - Processed 22900/23481 chunks...
2025-08-16 18:39:14,468 - INFO - Processed 23000/23481 chunks...
2025-08-16 18:39:31,759 - INFO - Processed 23100/23481 chunks...
2025-08-16 18:39:47,849 - INFO - Processed 23200/23481 chunks...
2025-08-16 18:40:01,297 - INFO - Processed 23300/23481 chunks...
2025-08-16 18:40:15,137 - INFO - Processed 23400/23481 chunks...
2025-08-16 18:40:28,026 - INFO - Created 23481 embeddings successfully
2025-08-16 18:40:37,948 - INFO - Stored batch 1: 5000 embeddings (Total: 5000/23481)
2025-08-16 18:40:46,412 - INFO - Stored batch 2: 5000 embeddings (Total: 10000/23481)
2025-08-16 18:40:55,504 - INFO - Stored batch 3: 5000 embeddings (Total: 15000/23481)
2025-08-16 18:41:04,372 - INFO - Stored batch 4: 5000 embeddings (Total: 20000/23481)
2025-08-16 18:41:11,005 - INFO - Stored batch 5: 3481 embeddings (Total: 23481/23481)
2025-08-16 18:41:11,006 - INFO - Successfully stored all 23481 embeddings in batches
2025-08-16 18:41:11,010 - INFO - Complete RAG processing pipeline completed successfully!
2025-08-16 18:41:12,707 - INFO - Knowledge base initialized successfully!
2025-08-16 18:41:12,708 - INFO -    Total chunks: 23481
2025-08-16 18:41:12,709 - INFO -    Total embeddings: 23481
2025-08-16 18:41:14,453 - INFO - Loading embedding model: sentence-transformers/all-MiniLM-L6-v2
2025-08-16 18:41:14,610 - INFO - Use pytorch device_name: cpu
2025-08-16 18:41:14,611 - INFO - Load pretrained SentenceTransformer: sentence-transformers/all-MiniLM-L6-v2
2025-08-16 18:41:23,224 - INFO - Embedding model loaded successfully
2025-08-16 18:41:23,461 - INFO - ChromaDB vector store initialized successfully
2025-08-16 18:41:23,462 - INFO - RAG System initialized successfully
